
> smic-report-timeline@0.1.0 build
> next build

▲ Next.js 16.2.7 (Turbopack)
- Environments: .env

  Creating an optimized production build ...
✓ Compiled successfully in 3.3s
  Running TypeScript ...
  Finished TypeScript in 4.9s ...
  Collecting page data using 8 workers ...
  Generating static pages using 8 workers (0/728) ...
  Generating static pages using 8 workers (182/728) 
  Generating static pages using 8 workers (364/728) 
  Generating static pages using 8 workers (546/728) 
✓ Generating static pages using 8 workers (728/728) in 3.1s
  Finalizing page optimization ...

Route (app)
┌ ○ /
├ ○ /_not-found
├ ○ /clubs
├ ● /clubs/[school]
│ ├ /clubs/smic
│ ├ /clubs/yig
│ ├ /clubs/star
│ └ /clubs/kuvic
├ ● /stocks/[ticker]
│ ├ /stocks/kr-009440
│ ├ /stocks/kr-012345
│ ├ /stocks/kr-005810
│ └ [+716 more paths]
└ ○ /strategy


○  (Static)  prerendered as static content
●  (SSG)     prerendered as static HTML (uses generateStaticParams)

