wrote 761 chart files -> public/prices/
Loading report data...
  860 buy reports from 2019-08-05 to 2026-06-05
Loading stock prices...
  860 reports with price data, 460 unique tickers
  Calendar (clipped): 2019-07-01 to 2026-06-10  (was 2011-06-15)
Loading benchmarks...
  NASDAQ: 2007-01-03 to 2026-06-09
  GLD: 2007-01-03 to 2026-06-09
  All-weather: 2019-07-01 to 2026-06-10

Running Strategy A: Immediate 12mo hold (baseline)...
  IS sharpe=0.47  OOS sharpe=1.13

Running Strategy B: Immediate 18mo hold...
  IS sharpe=0.49  OOS sharpe=1.28

Running Strategy C: Equal-weight monthly rebalanced...
  IS sharpe=0.21  OOS sharpe=0.81

Running Strategy D: Consensus-only 12mo hold (all-time window)...
  IS sharpe=0.75  OOS sharpe=1.54

Building breakout signals (Strategy E)...
  681 signals (396 unique tickers)
  E ATRx2.0 regime=off: IS-sharpe=-0.37 OOS-sharpe=-0.27
  E ATRx2.0 regime=on: IS-sharpe=0.08 OOS-sharpe=-0.87
  E ATRx3.0 regime=off: IS-sharpe=0.12 OOS-sharpe=0.59
  E ATRx3.0 regime=on: IS-sharpe=0.55 OOS-sharpe=0.48
  E ATRx4.0 regime=off: IS-sharpe=0.35 OOS-sharpe=0.91
  E ATRx4.0 regime=on: IS-sharpe=0.85 OOS-sharpe=0.84
  E ATRx5.0 regime=off: IS-sharpe=0.4 OOS-sharpe=1.39
  E ATRx5.0 regime=on: IS-sharpe=0.62 OOS-sharpe=1.02

Running strategy variants research (Task 3)...
  D_consensus_window90d: IS sharpe=-0.03 OOS sharpe=1.55
  D_consensus_window180d: IS sharpe=0.1 OOS sharpe=1.11
  D_consensus_window365d: IS sharpe=0.17 OOS sharpe=1.14
  D_consensus_6mo: IS sharpe=0.6 OOS sharpe=1.19
  D_consensus_9mo: IS sharpe=0.64 OOS sharpe=1.08
  D_consensus_18mo: IS sharpe=0.72 OOS sharpe=0.9
  D_consensus_target_exit: IS sharpe=0.75 OOS sharpe=1.25
  D_consensus_upside_weighted: IS sharpe=0.72 OOS sharpe=1.24

  No variant beats D on both IS+OOS Sharpe. Keeping D as headline.

Headline strategy (best IS sharpe): D_consensus_12mo

── Strategy summary ──────────────────────────────────────────────
Strategy                         IS CAGR  IS Sharpe   OOS CAGR  OOS Sharpe
  A_immediate_12mo                  8.39       0.47      34.87        1.13
  B_immediate_18mo                  8.85       0.49      42.83        1.28
  C_ew_monthly                      2.07       0.21       20.1        0.81
  D_consensus_12mo                 14.01       0.75      55.43        1.54
  E_breakout_atr4                   4.21       0.35      25.33        0.91

Computing wealth simulations...
  Strategy nav starts: 2019-07-01 (expected >= 2019-07-01)
  Wealth sim first date: 2019-07-01 (must be >= 2019-07-01)
  Strategy final: 651,902,852원
  KOSPI final: 633,120,247원 (215.0%)
  SP500 final: 325,067,164원 (61.7%)
  NASDAQ final: 372,966,321원 (85.6%)
  AllWeather final: 433,991,960원 (115.9%)

Computing today's signals...
  Open: 18, Expiring ≤30d: 1, New buy signals: 8, Watching (1-club): 262

Exporting trade CSV...
  CSV written: C:\Users\FELAB\Desktop\projects\active\smic-easy\public\strategy-trades.csv (113 rows)

Wrote src/data/strategy-backtest.json
  Wealth sim first date: 2019-07-01
  Trades in JSON: 113
ALL_OK
