== collecting ewha ==
  manifest: 1446 entries, sha_index: 1445 PDFs
  fetching listing page 1 ...
  page 1: 10 posts (0 new)
  fetching listing page 2 ...
  page 2: 10 posts (0 new)
  fetching listing page 3 ...
  page 3: 10 posts (0 new)
  fetching listing page 4 ...
  page 4: 10 posts (0 new)
  fetching listing page 5 ...
  page 5: 10 posts (0 new)
  fetching listing page 6 ...
  page 6: 10 posts (0 new)
  fetching listing page 7 ...
  page 7: 10 posts (0 new)
  fetching listing page 8 ...
  page 8: 10 posts (0 new)
  fetching listing page 9 ...
  page 9: 10 posts (0 new)
  fetching listing page 10 ...
  page 10: 10 posts (0 new)
  fetching listing page 11 ...
  page 11: 10 posts (0 new)
  fetching listing page 12 ...
  page 12: 10 posts (0 new)
  fetching listing page 13 ...
  page 13: 10 posts (0 new)
  fetching listing page 14 ...
  page 14: 10 posts (0 new)
  fetching listing page 15 ...
  page 15: 10 posts (0 new)
  fetching listing page 16 ...
  page 16: 10 posts (0 new)
  fetching listing page 17 ...
  page 17: 10 posts (0 new)
  fetching listing page 18 ...
  page 18: 10 posts (0 new)
  fetching listing page 19 ...
  page 19: 10 posts (4 new)
  + ewha/2020-10-10_ewha-14218835.pdf (1175 KB)
  + ewha/2020-10-10_[201010] 동화기업(025900).pdf (652 KB)
  + ewha/2020-10-10_[201010] 오스템임플란트(048260).pdf (1007 KB)
  + ewha/2020-09-12_[200912] 실리콘웍스(108320).pdf (1284 KB)
  fetching listing page 20 ...
  page 20: 10 posts (10 new)
  + ewha/2020-09-12_[200912] 인텔리안테크(189300).pdf (1419 KB)
  + ewha/2020-09-12_[200912] 노바렉스(1947000).pdf (911 KB)
  + ewha/2020-08-22_[200822] 씨에스윈드(112610).pdf (1156 KB)
  + ewha/2020-08-22_[200822] 천보(278280).pdf (1174 KB)
  + ewha/2020-08-21_[200821] 이노와이어리스(073490).pdf (1577 KB)
  + ewha/2020-08-22_[200822] 동아화성(041930).pdf (1273 KB)
  + ewha/2020-08-22_[200822] 프로텍(053610).pdf (1323 KB)
  + ewha/2020-08-22_[200822] 덕산네오룩스(213420).pdf (1198 KB)
  + ewha/2020-05-30_[200530] 피엔이솔루션(131390).pdf (992 KB)
  + ewha/2020-05-30_[200530] 이노메트리(302430).pdf (882 KB)
  ewha collection done: 14 processed, 186 skipped, 0 errors
== ewha: 200 total entries, 200 with files, 0 errors ==
