== smic: 0 near-empty files to OCR ==
== yig: 0 near-empty files to OCR ==
== star: 0 near-empty files to OCR ==
== kuvic: 0 near-empty files to OCR ==
== ewha: 1 near-empty files to OCR ==
  + data/markdown/ewha/2024-08-23_[240823] 디케이티(290550).md (1323 한글)
== voera: 28 near-empty files to OCR ==
  + data/markdown/voera/undated_[2025.10] Fixed Income REPORT.md (1971 한글)
  + data/markdown/voera/undated_[2025.10] Market Condition REPORT.md (1755 한글)
  + data/markdown/voera/undated_[2025.11] Fixed Income REPORT.md (1858 한글)
  + data/markdown/voera/undated_[2026] Office Market REPORT.md (1183 한글)
  + data/markdown/voera/undated_[BUY] CJ대한통운, 올해도 운수대통!.md (1581 한글)
  + data/markdown/voera/undated_[BUY] HL만 도전해, 수출길에.md (1222 한글)
  + data/markdown/voera/undated_[Buy] Paradise, Lucky Dice.md (1443 한글)
  + data/markdown/voera/undated_[Buy] See and See 보면 볼수록 매력있는, 씨앤씨인터내셔널.md (1106 한글)
  + data/markdown/voera/undated_[Buy] SK하이닉스, 메모하세요. 메모리 붐은 옵니다.md (1244 한글)
  + data/markdown/voera/undated_[BUY] 강원랜드, 베팅에 베팅하라.md (1146 한글)
  + data/markdown/voera/undated_[Buy] 고려아연, 너무 싸서 아연실색!.md (1506 한글)
  + data/markdown/voera/undated_[BUY] 리쥬란 맞으면 내 미모도 팜하니. 파마리서치.md (1062 한글)
  + data/markdown/voera/undated_[BUY] 모두가 플러팅 할 기업, 피엔티.md (1063 한글)
  + data/markdown/voera/undated_[BUY] 브이티, 아자 아자 브이팅 !.md (1125 한글)
  + data/markdown/voera/undated_[Buy] 씨에스윈드, 영광의 순간은 바로 지금부터.md (1668 한글)
  + data/markdown/voera/undated_[Buy] 아난티, AN ANTI-fragile.md (1126 한글)
  + data/markdown/voera/undated_[Buy] 어서 담으세요, POSCO hold+ings.md (1555 한글)
  + data/markdown/voera/undated_[BUY] 오스템임플란트 _ 임플란트를 심고 실적을 수확하다.md (1701 한글)
  + data/markdown/voera/undated_[Buy] 인터로조, 렌즈는 인터로조로 조.md (1205 한글)
  + data/markdown/voera/undated_[Buy] 인텔리안테크 위성과 안테나만 있으면 어디든 갈 수 있어!.md (1203 한글)
  + data/markdown/voera/undated_[Buy] 제우스, 이 기업은 신인가.md (1393 한글)
  + data/markdown/voera/undated_[BUY] 찐 반등 지금이야! 하나머티REAL즈.md (1663 한글)
  + data/markdown/voera/undated_[Buy] 클라쓰가 달라서, 클래시스.md (1136 한글)
  + data/markdown/voera/undated_[BUY] 하이브, High View!.md (1355 한글)
  + data/markdown/voera/undated_[Buy] 하이비젼시스템,애플아 나 지금 되게 신나.md (1416 한글)
  + data/markdown/voera/undated_[BUY] 한국조선해양, 안 사고.md (1542 한글)
  + data/markdown/voera/undated_[Buy]마음이 [텍]하는 반도체 기판, 心텍.md (1310 한글)
  + data/markdown/voera/undated_[HOLD] S-Oil, 오르막이 있으면 내리막도 있는 법.md (1437 한글)
== done: 29 files recovered via OCR ==
