== ewha: 34 near-empty files to OCR ==
  + data/markdown/ewha/2020-05-30_[200530] 피엔이솔루션(131390).md (1282 한글)
  + data/markdown/ewha/2020-08-22_[200822] 천보(278280).md (1362 한글)
  ! open failed: 2020-10-10_[201010] 디바이스이엔지(187870).pdf (Cannot open empty file: filename='C:\\Users\\FELAB\\Desktop\\projects\\active\\smic-easy\\data\\pdfs\\ewha\\2020-10-10_[201010] 디바이스이엔지(187870).pdf'.)
  ! ocr produced too little text: 2020-10-10_[201010] 디바이스이엔지(187870).pdf
  + data/markdown/ewha/2020-11-21_[201121] 인선이엔티(060150).md (1527 한글)
  + data/markdown/ewha/2021-02-20_[210220] 센트랄모텍(308170).md (1577 한글)
  + data/markdown/ewha/2021-02-20_[210220] 현대미포조선(010620).md (1403 한글)
  + data/markdown/ewha/2021-04-10_[210410] 에스엘(005850).md (1515 한글)
  + data/markdown/ewha/2021-05-22_[210522] 원익QnC(074600).md (1450 한글)
  + data/markdown/ewha/2021-08-21_[210821] 스튜디오드래곤(253450).md (1587 한글)
  + data/markdown/ewha/2021-10-09_[211009] DI동일(001530).md (1373 한글)
  + data/markdown/ewha/2021-11-27_[211127] 인크로스(216050).md (1582 한글)
  + data/markdown/ewha/2022-02-12_[220212] 현대오토에버(307950).md (1426 한글)
  + data/markdown/ewha/2022-04-09_[220409] 삼성전기(009150).md (2018 한글)
  + data/markdown/ewha/2022-05-28_[220528] 태경케미컬(006890).md (1710 한글)
  + data/markdown/ewha/2022-08-13_[220813] 오리온(271560).md (1396 한글)
  + data/markdown/ewha/2022-10-07_[221007] 코엔텍(029960).md (1396 한글)
  + data/markdown/ewha/2022-11-27_[221127] 케이카(381970).md (1187 한글)
  + data/markdown/ewha/2023-02-11_[230211] 인터로조(119610).md (1593 한글)
  + data/markdown/ewha/2023-04-08_[230408] 레이크머티리얼즈(281740).md (1707 한글)
  + data/markdown/ewha/2023-05-27_[230527] HL만도(204320).md (1522 한글)
  + data/markdown/ewha/2023-07-22_[230722] 효성첨단소재(298050).md (1522 한글)
  + data/markdown/ewha/2023-10-07_[231007] 클래시스(214150).md (1335 한글)
  + data/markdown/ewha/2024-01-20_[240120] 해성디에스(195870).md (1616 한글)
  + data/markdown/ewha/2024-04-06_[240406] 하이비젼시스템(126700).md (1357 한글)
  + data/markdown/ewha/2024-07-26_[240726] 디아이티(110990).md (1685 한글)
  + data/markdown/ewha/2024-08-23_[240823] 티앤엘(340570).md (1587 한글)
  + data/markdown/ewha/2024-11-22_[241122] 삼영(003720).md (1911 한글)
  + data/markdown/ewha/2025-01-24_[250124] 대웅제약(069620).md (1833 한글)
  + data/markdown/ewha/2025-02-21_[250221] 에이치브이엠(295310).md (1733 한글)
  + data/markdown/ewha/2025-05-27_[250527] (KEYSS 대회) 현대건설(000720).md (1340 한글)
  + data/markdown/ewha/2025-07-25_[250725] 티엘비(356860).md (1614 한글)
  + data/markdown/ewha/2025-10-03_[251003] 한국카본(017960).md (1699 한글)
  + data/markdown/ewha/2026-02-20_[260220] 파크시스템스(140860).md (1713 한글)
  ! open failed: 2026-05-29_[260529] 대주전자재료(078600).pdf (Cannot open empty file: filename='C:\\Users\\FELAB\\Desktop\\projects\\active\\smic-easy\\data\\pdfs\\ewha\\2026-05-29_[260529] 대주전자재료(078600).pdf'.)
  ! ocr produced too little text: 2026-05-29_[260529] 대주전자재료(078600).pdf
== done: 32 files recovered via OCR ==
