== smic: 0 pdfs to transcribe ==
== yig: 0 pdfs to transcribe ==
== star: 0 pdfs to transcribe ==
== kuvic: 0 pdfs to transcribe ==
== ewha: 34 pdfs to transcribe ==
  + data/markdown/ewha/2020-05-30_[200530] 이노메트리(302430).md
  + data/markdown/ewha/2020-08-22_[200822] 씨에스윈드(112610).md
  + data/markdown/ewha/2020-10-10_[201010] 동화기업(025900).md
  + data/markdown/ewha/2020-11-21_[201121] 디케이락(105740).md
  + data/markdown/ewha/2021-02-20_[210220] 서울바이오시스(092190).md
  + data/markdown/ewha/2021-02-20_[210220] 해성디에스(195870).md
  + data/markdown/ewha/2021-04-10_[210410] LG이노텍(011070).md
  + data/markdown/ewha/2021-05-22_[210522] 비나텍(126340).md
  + data/markdown/ewha/2021-08-21_[210821] 롯데정밀화학(004000).md
  + data/markdown/ewha/2021-09-11_[210911] KG이니시스(035600).md
  + data/markdown/ewha/2021-11-27_[211127] 대주전자재료(078600).md
  + data/markdown/ewha/2022-02-12_[220212] 현대건설(000720).md
  + data/markdown/ewha/2022-04-09_[220409] PI첨단소재(178920).md
  + data/markdown/ewha/2022-05-28_[220528] JW중외제약(001060).md
  + data/markdown/ewha/2022-08-13_[220813] 엘앤씨바이오(290650).md
  + data/markdown/ewha/2022-10-07_[221007] 아모그린텍(125210).md
  + data/markdown/ewha/2022-11-25_[221125] 코스모화학(005420).md
  + data/markdown/ewha/2023-02-11_[230211] 월덱스(101160).md
  + data/markdown/ewha/2023-03-11_[230311] 이수페타시스(007660).md
  + data/markdown/ewha/2023-05-27_[230527] HD현대인프라코어(042670).md
  + data/markdown/ewha/2023-07-22_[230722] 인터플렉스(051370).md
  + data/markdown/ewha/2023-10-07_[231007] 제이브이엠(054950).md
  + data/markdown/ewha/2024-01-20_[240120] 파크시스템스(140860).md
  + data/markdown/ewha/2024-04-06_[240406] 비올(335890).md
  + data/markdown/ewha/2024-07-25_[240725] 에스티아이(039440).md
  + data/markdown/ewha/2024-08-23_[240823] 서진시스템(178320).md
  + data/markdown/ewha/2024-10-04_[241004] 셀트리온(068270).md
  + data/markdown/ewha/2024-11-24_[241124] (KEYSS 대회 우승) 일진전기(103590).md
  + data/markdown/ewha/2025-02-21_[250221] 브이티(018290).md
  + data/markdown/ewha/2025-04-04_[250404] 삼성전기(009150).md
  + data/markdown/ewha/2025-07-25_[250725] RFHIC(218410).md
  + data/markdown/ewha/2025-10-03_[251003] 산일전기(062040).md
  + data/markdown/ewha/2026-01-23_[260123] 태웅(044490).md
  + data/markdown/ewha/2026-04-03_[260403] 제이브이엠(054950).md
== voera: 7 pdfs to transcribe ==
  + data/markdown/voera/undated_[2025.10] Fixed Income REPORT.md
  + data/markdown/voera/undated_[BUY] Just.md
  + data/markdown/voera/undated_[BUY] 강원랜드, 베팅에 베팅하라.md
  + data/markdown/voera/undated_[Buy] 스튜디오드래곤 올라갈 드래곤은 올라간다.md
  + data/markdown/voera/undated_[BUY] 웹케시_환상의 나라, 경리나라로!.md
  + data/markdown/voera/undated_[BUY] 태영건설_ Trash is the New Gold.md
  + data/markdown/voera/undated_[BUY] 휠라 이즈 굿, Fil Good!.md
== done: 41 transcribed ==
