== smic: 0 pdfs to transcribe ==
== yig: 0 pdfs to transcribe ==
== star: 0 pdfs to transcribe ==
== kuvic: 0 pdfs to transcribe ==
== ewha: 34 pdfs to transcribe ==
  + data/markdown/ewha/2020-08-21_[200821] 이노와이어리스(073490).md
  + data/markdown/ewha/2020-09-12_[200912] 노바렉스(1947000).md
  + data/markdown/ewha/2020-10-10_[201010] 오이솔루션(138080).md
  + data/markdown/ewha/2020-11-21_[201121] 한온시스템(018880).md
  + data/markdown/ewha/2021-02-20_[210220] 유니셈(036200).md
  + data/markdown/ewha/2021-03-13_[210313] 서흥(008490).md
  + data/markdown/ewha/2021-04-10_[210410] 인텍플러스(064290).md
  + data/markdown/ewha/2021-08-21_[210821] NAVER(035420).md
  + data/markdown/ewha/2021-08-21_[210821] 포스코케미칼(003670).md
  + data/markdown/ewha/2021-10-09_[211009] SKC(011790).md
  + data/markdown/ewha/2022-02-12_[220212] 아프리카TV(067160).md
  + data/markdown/ewha/2022-03-12_[220312] 두산밥캣(241560).md
  + data/markdown/ewha/2022-04-09_[220409] 제이시스메디칼(287410).md
  + data/markdown/ewha/2022-08-13_[220813] JYP Ent.(035900).md
  + data/markdown/ewha/2022-09-07_[220907] TKG휴켐스(069260).md
  + data/markdown/ewha/2022-10-07_[221007] 현대일렉트릭(267260).md
  + data/markdown/ewha/2023-02-08_[230208] 원텍(336570).md
  + data/markdown/ewha/2023-02-13_[230213] 현대글로비스(086280).md
  + data/markdown/ewha/2023-04-08_[230408] 텔레칩스(054450).md
  + data/markdown/ewha/2023-07-22_[230722] LG이노텍(011070).md
  + data/markdown/ewha/2023-08-26_[230826] 피엔티(137400).md
  + data/markdown/ewha/2023-11-25_[231125] 아이센스(099190).md
  + data/markdown/ewha/2024-02-16_[240216] 코스맥스(192820).md
  + data/markdown/ewha/2024-06-01_[240601] 비에이치아이(083650).md
  + data/markdown/ewha/2024-07-26_[240726] 세경하이테크(148150).md
  + data/markdown/ewha/2024-10-04_[241004] HK이노엔(195940).md
  + data/markdown/ewha/2024-11-22_[241122] 삼화콘덴서(001820).md
  + data/markdown/ewha/2025-01-24_[250124] 동성화인텍(033500).md
  + data/markdown/ewha/2025-04-04_[250404] HD현대마린엔진(071970).md
  + data/markdown/ewha/2025-05-30_[250530] 이수페타시스(007660).md
  + data/markdown/ewha/2025-08-22_[250822] 에스티팜(237690).md
  + data/markdown/ewha/2025-11-25_[251125] (KEYSS 대회) 엘앤씨바이오(290650).md
  + data/markdown/ewha/2026-04-03_[260403] RF머트리얼즈(327260).md
  + data/markdown/ewha/2026-05-29_ewha-171589643.md
== voera: 9 pdfs to transcribe ==
  + data/markdown/voera/undated_[BUY] Become HRSG Itself, BHI.md
  + data/markdown/voera/undated_[Buy] LG에너지솔루션, 가장 에너제틱한 솔루션.md
  + data/markdown/voera/undated_[Buy] SK하이닉스, 메모하세요. 메모리 붐은 옵니다.md
  + data/markdown/voera/undated_[BUY] 리쥬란 맞으면 내 미모도 팜하니. 파마리서치.md
  + data/markdown/voera/undated_[BUY] 실적이 넘쳐흘러, 이수페타시스.md
  + data/markdown/voera/undated_[BUY] 오스템임플란트 _ 임플란트를 심고 실적을 수확하다.md
  + data/markdown/voera/undated_[BUY] 조선,대한으로 나아가라, 대한조선.md
  + data/markdown/voera/undated_[BUY] 한올바이오파마 함 파보마.md
  + data/markdown/voera/undated_[BUY] 화장품의 메카, 수익성은 메가! 코스메카코리아.md
== done: 43 transcribed ==
