== smic: 0 pdfs to transcribe ==
== yig: 0 pdfs to transcribe ==
== star: 0 pdfs to transcribe ==
== kuvic: 0 pdfs to transcribe ==
== ewha: 33 pdfs to transcribe ==
  + data/markdown/ewha/2020-08-22_[200822] 덕산네오룩스(213420).md
  + data/markdown/ewha/2020-09-12_[200912] 실리콘웍스(108320).md
  + data/markdown/ewha/2020-10-10_[201010] 진성티이씨(036890).md
  + data/markdown/ewha/2021-02-20_[210220] 대한유화(006650).md
  + data/markdown/ewha/2021-02-20_[210220] 팬오션(028670).md
  + data/markdown/ewha/2021-03-13_[210313] 연우(115960).md
  + data/markdown/ewha/2021-04-10_[210410] 테크윙(089030).md
  + data/markdown/ewha/2021-08-21_[210821] OCI(010060).md
  + data/markdown/ewha/2021-08-21_[210821] 현대모비스(012330).md
  + data/markdown/ewha/2021-10-09_[211009] 만도(204320).md
  + data/markdown/ewha/2022-02-12_[220212] 쿠콘(294570).md
  + data/markdown/ewha/2022-03-12_[220312] 롯데칠성(005300).md
  + data/markdown/ewha/2022-05-18_[220518] 한세실업(105630).md
  + data/markdown/ewha/2022-08-13_[220813] 성광벤드(014620).md
  + data/markdown/ewha/2022-09-07_[220907] 대웅제약(069620).md
  + data/markdown/ewha/2022-11-25_[221125] 대보마그네틱(290670).md
  + data/markdown/ewha/2023-02-08_[230208] 파마리서치(214450).md
  + data/markdown/ewha/2023-03-11_[230311] S-Oil(010950).md
  + data/markdown/ewha/2023-04-08_[230408] 하나마이크론(067310).md
  + data/markdown/ewha/2023-07-22_[230722] 비에이치(090460).md
  + data/markdown/ewha/2023-08-26_[230826] 화신(010690).md
  + data/markdown/ewha/2023-11-25_[231125] 태광(023160).md
  + data/markdown/ewha/2024-04-06_[240406] AP위성(211270).md
  + data/markdown/ewha/2024-06-01_[240601] 파이오링크(170790).md
  + data/markdown/ewha/2024-07-26_[240726] 티씨케이(064760).md
  + data/markdown/ewha/2024-10-04_[241004] SK오션플랜트(100090).md
  + data/markdown/ewha/2024-11-22_[241122] 아이쓰리시스템(214430).md
  + data/markdown/ewha/2025-01-24_[250124] 한미약품(128940).md
  + data/markdown/ewha/2025-04-04_[250404] LS마린솔루션(060370).md
  + data/markdown/ewha/2025-05-30_[250530] 한국항공우주(047810).md
  + data/markdown/ewha/2025-08-22_[250822] 유한양행(000100).md
  + data/markdown/ewha/2025-11-28_[251128] 한화오션(042660).md
  + data/markdown/ewha/2026-04-03_[260403] 대한전선(001440).md
== voera: 17 pdfs to transcribe ==
  + data/markdown/voera/undated_[BUY] AI·EV Boom On! 플러그인, 삼성전기.md
  + data/markdown/voera/undated_[BUY] DB하이텍_반도체 나라의 미운오리새끼 이야기.md
  + data/markdown/voera/undated_[Buy] LG디스플레이, 디스는 이제 그만!.md
  + data/markdown/voera/undated_[BUY] Pointer to the world, 포스코인터내셔널.md
  + data/markdown/voera/undated_[BUY] SOCKET LIKE ROCKET, 리노공업.md
  + data/markdown/voera/undated_[Buy] 국가권력급 플랫폼 네이버.md
  + data/markdown/voera/undated_[BUY] 모두가 플러팅 할 기업, 피엔티.md
  + data/markdown/voera/undated_[BUY] 비집고 들어갈 틈은 있다! BGF리테일.md
  + data/markdown/voera/undated_[Buy] 아난티, AN ANTI-fragile.md
  + data/markdown/voera/undated_[Buy] 엘앤에프, 양극재요 엘앤에프의 하이니켈이요!.md
  + data/markdown/voera/undated_[Buy] 인터로조, 렌즈는 인터로조로 조.md
  + data/markdown/voera/undated_[Buy] 제주항공 아직은 이륙할 때가 아니지만.md
  + data/markdown/voera/undated_[BUY] 코스메틱 성공 코스 ODM 여기엠! 코스맥스.md
  + data/markdown/voera/undated_[BUY] 한섬, HANDSOME!.md
  + data/markdown/voera/undated_[BUY] 현대백화점 믿으세요. 현대백화점.md
  + data/markdown/voera/undated_[BUY] 휴~휴~ 불면은 수출길 뚫리는 휴젤.md
  + data/markdown/voera/undated_[HOLD] S-Oil, 오르막이 있으면 내리막도 있는 법.md
== done: 50 transcribed ==
