== smic: 0 pdfs to transcribe ==
== yig: 0 pdfs to transcribe ==
== star: 0 pdfs to transcribe ==
== kuvic: 0 pdfs to transcribe ==
== ewha: 33 pdfs to transcribe ==
  + data/markdown/ewha/2020-08-22_[200822] 동아화성(041930).md
  + data/markdown/ewha/2020-09-12_[200912] 인텔리안테크(189300).md
  + data/markdown/ewha/2020-10-10_ewha-14218835.md
  + data/markdown/ewha/2021-02-20_[210220] 디이엔티(079810).md
  + data/markdown/ewha/2021-02-20_[210220] 한솔테크닉스(004710).md
  + data/markdown/ewha/2021-03-13_[210313] 한화솔루션(009830).md
  + data/markdown/ewha/2021-05-19_[210519] LG하우시스(108670).md
  + data/markdown/ewha/2021-08-21_[210821] 디앤씨미디어(263720).md
  + data/markdown/ewha/2021-09-11_[210911] CJ제일제당(097950).md
  + data/markdown/ewha/2021-11-24_[211124] 현대백화점(069960).md
  + data/markdown/ewha/2022-02-12_[220212] 파트론(091700).md
  + data/markdown/ewha/2022-03-12_[220312] 심텍(222800).md
  + data/markdown/ewha/2022-05-28_[220528] HK이노엔(195940).md
  + data/markdown/ewha/2022-08-13_[220813] 에코프로비엠(247540).md
  + data/markdown/ewha/2022-09-07_[220907] 삼강엠앤티(100090).md
  + data/markdown/ewha/2022-11-25_[221125] 엘앤에프(066970).md
  + data/markdown/ewha/2023-02-08_[230208] 하이브(352820).md
  + data/markdown/ewha/2023-03-11_[230311] 유한양행(000100).md
  + data/markdown/ewha/2023-05-24_[230524] 씨앤씨인터내셔널(352480).md
  + data/markdown/ewha/2023-07-22_[230722] 에스티팜(237690).md
  + data/markdown/ewha/2023-10-07_[231007] 인텔리안테크(189300).md
  + data/markdown/ewha/2024-01-20_[240120] 제우스(079370).md
  + data/markdown/ewha/2024-04-06_[240406] 덕산네오룩스(213420).md
  + data/markdown/ewha/2024-06-02_[240602] (KEYSS 대회 준우승) 세진중공업(075580).md
  + data/markdown/ewha/2024-08-23_[240823] 디케이티(290550).md
  + data/markdown/ewha/2024-10-04_[241004] 대한전선(001440).md
  + data/markdown/ewha/2024-11-22_[241122] 우진(105840).md
  + data/markdown/ewha/2025-02-21_[250221] HL만도(204320).md
  + data/markdown/ewha/2025-04-04_[250404] PI첨단소재(178920).md
  + data/markdown/ewha/2025-05-30_[250530] 현대건설(000720).md
  + data/markdown/ewha/2025-08-22_[250822] 파마리서치(214450).md
  + data/markdown/ewha/2026-01-23_[260123] 에스엘(005850).md
  + data/markdown/ewha/2026-04-03_[260403] 비에이치아이(083650).md
== voera: 8 pdfs to transcribe ==
  + data/markdown/voera/undated_[BUY] HD현대일렉트릭 반전 없는 상승세, 방전 없는 변압기 !.md
  + data/markdown/voera/undated_[Buy] SK아이이테크놀로지, 분리막 대장 SK.md
  + data/markdown/voera/undated_[BUY] 동방의 빛나는 별, 동성화인텍(+UIC 본선용).md
  + data/markdown/voera/undated_[BUY] 씨에스윈드 불어라 바람! 불어라 수주!.md
  + data/markdown/voera/undated_[Buy] 이마트 이마트입니다. 제가 돌아왔습니다.md
  + data/markdown/voera/undated_[Buy] 클라쓰가 달라서, 클래시스.md
  + data/markdown/voera/undated_[BUY] 형 여기도 봐줘, 넷째 깐부 대덕전자.md
  + data/markdown/voera/undated_[HOLD] 나퓨타는 없다, 롯데케미칼.md
== done: 41 transcribed ==
