== smic: 0 pdfs to transcribe ==
== yig: 0 pdfs to transcribe ==
== star: 0 pdfs to transcribe ==
== kuvic: 0 pdfs to transcribe ==
== ewha: 34 pdfs to transcribe ==
Error running opendataloader-pdf CLI.
Return code: 1
Stdout: Error: 'r0002.pdf' is not a valid PDF file (missing %PDF- header).

  ! batch failed (24 pdfs): Command '['java', '-Djava.awt.headless=true', '-Dapple.awt.UIElement=true', '-jar', 'C:\\Users\\FELAB\\Desktop\\projects\\active\\smic-easy\\.venv\\Lib\\site-packages\\opendataloader_pdf\\jar\\opendataloader-pdf-cli.jar', 'C:\\Users\\FELAB\\AppData\\Local\\Temp\\odl_in_qlw5o13w\\r0000.pdf', 'C:\\Users\\FELAB\\AppData\\Local\\Temp\\odl_in_qlw5o13w\\r0001.pdf', 'C:\\Users\\FELAB\\AppData\\Local\\Temp\\odl_in_qlw5o13w\\r0002.pdf', 'C:\\Users\\FELAB\\AppData\\Local\\Temp\\odl_in_qlw5o13w\\r0003.pdf', 'C:\\Users\\FELAB\\AppData\\Local\\Temp\\odl_in_qlw5o13w\\r0004.pdf', 'C:\\Users\\FELAB\\AppData\\Local\\Temp\\odl_in_qlw5o13w\\r0005.pdf', 'C:\\Users\\FELAB\\AppData\\Local\\Temp\\odl_in_qlw5o13w\\r0006.pdf', 'C:\\Users\\FELAB\\AppData\\Local\\Temp\\odl_in_qlw5o13w\\r0007.pdf', 'C:\\Users\\FELAB\\AppData\\Local\\Temp\\odl_in_qlw5o13w\\r0008.pdf', 'C:\\Users\\FELAB\\AppData\\Local\\Temp\\odl_in_qlw5o13w\\r0009.pdf', 'C:\\Users\\FELAB\\AppData\\Local\\Temp\\odl_in_qlw5o13w\\r0010.pdf', 'C:\\Users\\FELAB\\AppData\\Local\\Temp\\odl_in_qlw5o13w\\r0011.pdf', 'C:\\Users\\FELAB\\AppData\\Local\\Temp\\odl_in_qlw5o13w\\r0012.pdf', 'C:\\Users\\FELAB\\AppData\\Local\\Temp\\odl_in_qlw5o13w\\r0013.pdf', 'C:\\Users\\FELAB\\AppData\\Local\\Temp\\odl_in_qlw5o13w\\r0014.pdf', 'C:\\Users\\FELAB\\AppData\\Local\\Temp\\odl_in_qlw5o13w\\r0015.pdf', 'C:\\Users\\FELAB\\AppData\\Local\\Temp\\odl_in_qlw5o13w\\r0016.pdf', 'C:\\Users\\FELAB\\AppData\\Local\\Temp\\odl_in_qlw5o13w\\r0017.pdf', 'C:\\Users\\FELAB\\AppData\\Local\\Temp\\odl_in_qlw5o13w\\r0018.pdf', 'C:\\Users\\FELAB\\AppData\\Local\\Temp\\odl_in_qlw5o13w\\r0019.pdf', 'C:\\Users\\FELAB\\AppData\\Local\\Temp\\odl_in_qlw5o13w\\r0020.pdf', 'C:\\Users\\FELAB\\AppData\\Local\\Temp\\odl_in_qlw5o13w\\r0021.pdf', 'C:\\Users\\FELAB\\AppData\\Local\\Temp\\odl_in_qlw5o13w\\r0022.pdf', 'C:\\Users\\FELAB\\AppData\\Local\\Temp\\odl_in_qlw5o13w\\r0023.pdf', '--output-dir', 'C:\\Users\\FELAB\\AppData\\Local\\Temp\\odl_out_ivb3botv', '--format', 'markdown', '--quiet', '--image-output', 'off']' returned non-zero exit status 1.
Error running opendataloader-pdf CLI.
Return code: 1
Stdout: Error: 'r0009.pdf' is not a valid PDF file (missing %PDF- header).

  ! batch failed (10 pdfs): Command '['java', '-Djava.awt.headless=true', '-Dapple.awt.UIElement=true', '-jar', 'C:\\Users\\FELAB\\Desktop\\projects\\active\\smic-easy\\.venv\\Lib\\site-packages\\opendataloader_pdf\\jar\\opendataloader-pdf-cli.jar', 'C:\\Users\\FELAB\\AppData\\Local\\Temp\\odl_in_dnch4mi4\\r0000.pdf', 'C:\\Users\\FELAB\\AppData\\Local\\Temp\\odl_in_dnch4mi4\\r0001.pdf', 'C:\\Users\\FELAB\\AppData\\Local\\Temp\\odl_in_dnch4mi4\\r0002.pdf', 'C:\\Users\\FELAB\\AppData\\Local\\Temp\\odl_in_dnch4mi4\\r0003.pdf', 'C:\\Users\\FELAB\\AppData\\Local\\Temp\\odl_in_dnch4mi4\\r0004.pdf', 'C:\\Users\\FELAB\\AppData\\Local\\Temp\\odl_in_dnch4mi4\\r0005.pdf', 'C:\\Users\\FELAB\\AppData\\Local\\Temp\\odl_in_dnch4mi4\\r0006.pdf', 'C:\\Users\\FELAB\\AppData\\Local\\Temp\\odl_in_dnch4mi4\\r0007.pdf', 'C:\\Users\\FELAB\\AppData\\Local\\Temp\\odl_in_dnch4mi4\\r0008.pdf', 'C:\\Users\\FELAB\\AppData\\Local\\Temp\\odl_in_dnch4mi4\\r0009.pdf', '--output-dir', 'C:\\Users\\FELAB\\AppData\\Local\\Temp\\odl_out_cc9o8nhq', '--format', 'markdown', '--quiet', '--image-output', 'off']' returned non-zero exit status 1.
== voera: 33 pdfs to transcribe ==
  + data/markdown/voera/undated_[2026] Office Market REPORT.md
  + data/markdown/voera/undated_[BUY] ALD의 왕 주성전하 납시오, 주성엔지니어링.md
  + data/markdown/voera/undated_[BUY] CJ대한통운, 올해도 운수대통!.md
  + data/markdown/voera/undated_[BUY] F&amp;F 이름은 F, 학점은 A.md
  + data/markdown/voera/undated_[BUY] HL만 도전해, 수출길에.md
  + data/markdown/voera/undated_[BUY] Linked to AI, Shipped to America, LS ELECREIC.md
  + data/markdown/voera/undated_[BUY] No ALTEnertive, ALTEOGEN.md
  + data/markdown/voera/undated_[Buy] Paradise, Lucky Dice.md
  + data/markdown/voera/undated_[BUY] SK텔레콤.md
  + data/markdown/voera/undated_[BUY] Super Momentum, 에스엠.md
  + data/markdown/voera/undated_[Buy] 고려아연, 너무 싸서 아연실색!.md
  + data/markdown/voera/undated_[buy] 네이버_ 모든 웹은 네이버로 통한다.md
  + data/markdown/voera/undated_[BUY] 모든 사업부는 커머스로 통한다, NAVER.md
  + data/markdown/voera/undated_[BUY] 미국이 감탄하고 전세계가 부러워하는, APR.md
  + data/markdown/voera/undated_[BUY] 반도체 산업의 백미, 한미반도체.md
  + data/markdown/voera/undated_[BUY] 신세계_직감보다는 데이터에 주목하라.md
  + data/markdown/voera/undated_[BUY] 안전한 원전, 한전KPS.md
  + data/markdown/voera/undated_[Buy] 어서 담으세요, POSCO hold+ings.md
  + data/markdown/voera/undated_[BUY] 에이스토리, 올해는 닉값할 시기.md
  + data/markdown/voera/undated_[BUY] 에코마케팅 _ 당신은 이미 구매하고 있다.md
  + data/markdown/voera/undated_[Buy] 인텔리안테크 위성과 안테나만 있으면 어디든 갈 수 있어!.md
  + data/markdown/voera/undated_[Buy] 제우스, 이 기업은 신인가.md
  + data/markdown/voera/undated_[Buy] 제이시스메디칼 제 1 선두 주자를 향하여.md
  + data/markdown/voera/undated_[BUY] 주가는 Eagles가 상승기류 타듯, 한화에어로스페이스.md
  + data/markdown/voera/undated_[BUY] 찐 반등 지금이야! 하나머티REAL즈.md
  + data/markdown/voera/undated_[BUY] 하이브, High View!.md
  + data/markdown/voera/undated_[BUY] 한화솔루션, 가장 환한 솔루션.md
  + data/markdown/voera/undated_[Buy] 현대건설, 가장 현대적인 건설.md
  + data/markdown/voera/undated_[buy] 현대건설기계_ 건설기계, 바쁘다 바빠.md
  + data/markdown/voera/undated_[Buy] 화신 화신 신랑 입장~신부 현대차 입장~.md
  + data/markdown/voera/undated_[BUY]농심_신(辛)라면의 신(新)항로.md
  + data/markdown/voera/undated_[Buy]마음이 [텍]하는 반도체 기판, 心텍.md
  + data/markdown/voera/undated_[Buy]이마트, 이맡에 산다.md
== done: 33 transcribed ==
