== collecting voera ==
  manifest: 1460 entries, sha_index: 1459 PDFs
  phase 1: collecting post IDs via Playwright ...
  voera list page 1: +8 posts (total 8)
  voera list page 2: +8 posts (total 16)
  voera list page 3: +8 posts (total 24)
  voera list page 4: +8 posts (total 32)
  voera list page 5: +8 posts (total 40)
  voera list page 6: +8 posts (total 48)
  voera list page 7: +8 posts (total 56)
  voera list page 8: +8 posts (total 64)
  voera list page 9: +8 posts (total 72)
  voera list page 10: +8 posts (total 80)
  voera list page 11: +8 posts (total 88)
  voera list page 12: +8 posts (total 96)
  voera list page 13: +8 posts (total 104)
  no more pages
  discovered 104 post IDs total
  phase 2: fetching details and downloading PDFs ...
  + voera/undated_[BUY] 중국 손님 제주행, 드림타워 실적행! 롯데관광개발.pdf (1437 KB)
  + voera/undated_[BUY] 모든 사업부는 커머스로 통한다, NAVER.pdf (2933 KB)
  + voera/undated_[BUY] ALD의 왕 주성전하 납시오, 주성엔지니어링.pdf (8239 KB)
  + voera/undated_[BUY] 주가는 Eagles가 상승기류 타듯, 한화에어로스페이스.pdf (2112 KB)
  + voera/undated_[BUY] 조선,대한으로 나아가라, 대한조선.pdf (9881 KB)
  + voera/undated_[BUY] Linked to AI, Shipped to America, LS ELECREIC.pdf (9187 KB)
  + voera/undated_[BUY] Just.pdf (2965 KB)
  + voera/undated_[HOLD] 나퓨타는 없다, 롯데케미칼.pdf (12885 KB)
  + voera/undated_[BUY] 화장품의 메카, 수익성은 메가! 코스메카코리아.pdf (6307 KB)
  + voera/undated_[BUY] 형 여기도 봐줘, 넷째 깐부 대덕전자.pdf (9441 KB)
  + voera/undated_[BUY] 현대차그룹의 현모양처, 현대모비스.pdf (1789 KB)
  + voera/undated_[BUY] 전력 슈퍼싸이클에 올라타라! 효성중공업.pdf (1170 KB)
  + voera/undated_[2026] Office Market REPORT.pdf (13463 KB)
  + voera/undated_[2025.10] Market Condition REPORT.pdf (2438 KB)
  + voera/undated_[2025.11] Fixed Income REPORT.pdf (5157 KB)
  + voera/undated_[2025.10] Fixed Income REPORT.pdf (5301 KB)
  + voera/undated_[BUY] 미국이 감탄하고 전세계가 부러워하는, APR.pdf (1657 KB)
  + voera/undated_[BUY] 실적이 넘쳐흘러, 이수페타시스.pdf (3739 KB)
  + voera/undated_[BUY] 비집고 들어갈 틈은 있다! BGF리테일.pdf (2340 KB)
  + voera/undated_[BUY] AI·EV Boom On! 플러그인, 삼성전기.pdf (1993 KB)
  + voera/undated_[BUY] 진인현대천명, 현대건설.pdf (9139 KB)
  + voera/undated_[BUY] No ALTEnertive, ALTEOGEN.pdf (1717 KB)
  + voera/undated_[BUY] Become HRSG Itself, BHI.pdf (2015 KB)
  + voera/undated_[BUY]국내 최초 이족보행로봇 &quot;휴보&quot;를 탄생시킨 그 기업, 맞습니다.pdf (9317 KB)
  + voera/undated_[BUY] 불닭의 질주는 계속된다! 삼양식품.pdf (6654 KB)
  + voera/undated_[BUY] HL만 도전해, 수출길에.pdf (7353 KB)
  + voera/undated_[BUY] Pointer to the world, 포스코인터내셔널.pdf (2629 KB)
  + voera/undated_[BUY] Create the Legend, 크래프톤.pdf (2527 KB)
  + voera/undated_[BUY] Super Momentum, 에스엠.pdf (2956 KB)
  + voera/undated_[BUY] 강(鋼)하게 버틴다, 세아제강.pdf (1649 KB)
  + voera/undated_[BUY].pdf (1111 KB)
  + voera/undated_[BUY] 휴~휴~ 불면은 수출길 뚫리는 휴젤.pdf (1206 KB)
  + voera/undated_[BUY] 코스메틱 성공 코스 ODM 여기엠! 코스맥스.pdf (1652 KB)
  + voera/undated_[BUY] Robot is... 로보티즈!.pdf (1678 KB)
  + voera/undated_[BUY] League of No.1 LIG 넥스원.pdf (8693 KB)
  + voera/undated_[BUY] 모두가 플러팅 할 기업, 피엔티.pdf (10724 KB)
  + voera/undated_[BUY] 오리온, 지금 올인하세요!.pdf (2345 KB)
  + voera/undated_[BUY] 리쥬란 맞으면 내 미모도 팜하니. 파마리서치.pdf (5806 KB)
  + voera/undated_[BUY] 한올바이오파마 함 파보마.pdf (5650 KB)
  + voera/undated_[BUY] 동방의 빛나는 별, 동성화인텍(+UIC 본선용).pdf (792 KB)
  + voera/undated_[BUY] 브이티, 아자 아자 브이팅 !.pdf (3743 KB)
  + voera/undated_[BUY] SOCKET LIKE ROCKET, 리노공업.pdf (3361 KB)
  + voera/undated_[BUY] 찐 반등 지금이야! 하나머티REAL즈.pdf (4780 KB)
  + voera/undated_[BUY] 디어유, 팬 플랫폼 성장 열기에 디어유~.pdf (665 KB)
  + voera/undated_[BUY] CJ대한통운, 올해도 운수대통!.pdf (5699 KB)
  + voera/undated_[Buy] Paradise, Lucky Dice.pdf (6880 KB)
  + voera/undated_[Buy] 어서 담으세요, POSCO hold+ings.pdf (7119 KB)
  + voera/undated_[Buy] SK아이이테크놀로지, 분리막 대장 SK.pdf (2192 KB)
  + voera/undated_[Buy] 국가권력급 플랫폼 네이버.pdf (10919 KB)
  + voera/undated_[Buy]마음이 [텍]하는 반도체 기판, 心텍.pdf (7233 KB)
  + voera/undated_[Buy] 인텔리안테크 위성과 안테나만 있으면 어디든 갈 수 있어!.pdf (5499 KB)
  + voera/undated_[BUY] HD현대일렉트릭 반전 없는 상승세, 방전 없는 변압기 !.pdf (1182 KB)
  + voera/undated_[Buy] 아난티, AN ANTI-fragile.pdf (6733 KB)
  + voera/undated_[Buy] 제우스, 이 기업은 신인가.pdf (4619 KB)
  + voera/undated_[Buy] 제이시스메디칼 제 1 선두 주자를 향하여.pdf (2154 KB)
  + voera/undated_[Buy] 화신 화신 신랑 입장~신부 현대차 입장~.pdf (1359 KB)
  + voera/undated_[Buy] See and See 보면 볼수록 매력있는, 씨앤씨인터내셔널.pdf (4882 KB)
  + voera/undated_[Buy] LG디스플레이, 디스는 이제 그만!.pdf (5816 KB)
  + voera/undated_[Buy] 엘앤에프, 양극재요 엘앤에프의 하이니켈이요!.pdf (7445 KB)
  + voera/undated_[Buy] 로켓처럼 날아오르는 테스트소켓, ISC.pdf (2327 KB)
  + voera/undated_[Buy] 클라쓰가 달라서, 클래시스.pdf (5190 KB)
  + voera/undated_[Buy] 인터로조, 렌즈는 인터로조로 조.pdf (1864 KB)
  + voera/undated_[Buy] SK하이닉스, 메모하세요. 메모리 붐은 옵니다.pdf (5928 KB)
  + voera/undated_[Buy] 씨에스윈드, 영광의 순간은 바로 지금부터.pdf (6450 KB)
  + voera/undated_[Buy] 하이비젼시스템,애플아 나 지금 되게 신나.pdf (4275 KB)
  + voera/undated_[Buy] 고려아연, 너무 싸서 아연실색!.pdf (4620 KB)
  + voera/undated_[Buy] LG에너지솔루션, 가장 에너제틱한 솔루션.pdf (5590 KB)
  + voera/undated_[Buy] 현대건설, 가장 현대적인 건설.pdf (1039 KB)
  + voera/undated_[BUY] 한화솔루션, 가장 환한 솔루션.pdf (7207 KB)
  + voera/undated_[HOLD] S-Oil, 오르막이 있으면 내리막도 있는 법.pdf (3785 KB)
  + voera/undated_[BUY] 한국조선해양, 안 사고.pdf (5721 KB)
  + voera/undated_[BUY] 엠씨넥스, 넘쳐흘러.pdf (6036 KB)
  + voera/undated_[BUY] 가전계의 에르메스, LG전자.pdf (5783 KB)
  + voera/undated_[BUY] 하이브, High View!.pdf (5333 KB)
  + voera/undated_[BUY] 에이스토리, 올해는 닉값할 시기.pdf (9670 KB)
  + voera/undated_[BUY] 전설의 GS건설.pdf (875 KB)
  + voera/undated_[BUY] 반도체 산업의 백미, 한미반도체.pdf (872 KB)
  + voera/undated_[BUY] 안전한 원전, 한전KPS.pdf (1193 KB)
  + voera/undated_[BUY] 강원랜드, 베팅에 베팅하라.pdf (2489 KB)
  + voera/undated_[BUY] 아프리카TV 논란이 아닌 실적에 주목하라!.pdf (1634 KB)
  + voera/undated_[BUY] 휠라 이즈 굿, Fil Good!.pdf (915 KB)
  + voera/undated_[Buy]이마트, 이맡에 산다.pdf (2044 KB)
  + voera/undated_[BUY] 한섬, HANDSOME!.pdf (1133 KB)
  + voera/undated_[BUY] F&amp;F 이름은 F, 학점은 A.pdf (890 KB)
  + voera/undated_[BUY] 현대백화점 믿으세요. 현대백화점.pdf (659 KB)
  + voera/undated_[BUY] 현대백화점 The More 현대, 더 모여 현대.pdf (745 KB)
  + voera/undated_[buy] 현대건설기계_ 건설기계, 바쁘다 바빠.pdf (2041 KB)
  + voera/undated_[buy] 네이버_ 모든 웹은 네이버로 통한다.pdf (1889 KB)
  + voera/undated_[BUY] 오스템임플란트 _ 임플란트를 심고 실적을 수확하다.pdf (4772 KB)
  + voera/undated_[BUY] 씨에스윈드 불어라 바람! 불어라 수주!.pdf (737 KB)
  + voera/undated_[Buy] 이마트 이마트입니다. 제가 돌아왔습니다.pdf (1712 KB)
  + voera/undated_[Hold]대한항공_Neither Good nor Bad.pdf (1001 KB)
  + voera/undated_[BUY] 에코마케팅 _ 당신은 이미 구매하고 있다.pdf (1827 KB)
  + voera/undated_[Buy] 스튜디오드래곤 올라갈 드래곤은 올라간다.pdf (1398 KB)
  + voera/undated_[BUY] 태영건설_ Trash is the New Gold.pdf (2085 KB)
  + voera/undated_[SELL] SK바이오팜_ 버블 버블 팜(pharm)!.pdf (1616 KB)
  + voera/undated_[BUY]농심_신(辛)라면의 신(新)항로.pdf (925 KB)
  + voera/undated_[Buy] 제주항공 아직은 이륙할 때가 아니지만.pdf (568 KB)
  + voera/undated_[BUY] CJ제일제당_사재기는 거들뿐.pdf (1243 KB)
  + voera/undated_[BUY] 신세계_직감보다는 데이터에 주목하라.pdf (2152 KB)
  + voera/undated_[BUY] 웹케시_환상의 나라, 경리나라로!.pdf (799 KB)
  + voera/undated_[BUY] SK텔레콤.pdf (1725 KB)
  + voera/undated_[BUY] LG생활건강.pdf (753 KB)
  + voera/undated_[BUY] DB하이텍_반도체 나라의 미운오리새끼 이야기.pdf (1679 KB)
  voera collection done: 104 processed, 0 skipped, 0 errors
== voera: 104 total entries, 104 with files, 0 errors ==
