
> smic-report-timeline@0.1.0 build
> next build

▲ Next.js 16.2.7 (Turbopack)
- Environments: .env

  Creating an optimized production build ...
✓ Compiled successfully in 3.1s
  Running TypeScript ...
  Finished TypeScript in 12.9s ...
  Collecting page data using 10 workers ...
  Generating static pages using 10 workers (0/782) ...
  Generating static pages using 10 workers (195/782) 
  Generating static pages using 10 workers (390/782) 
  Generating static pages using 10 workers (586/782) 
✓ Generating static pages using 10 workers (782/782) in 3.1s
  Finalizing page optimization ...

Route (app)
┌ ○ /
├ ○ /_not-found
├ ○ /clubs
├ ● /clubs/[school]
│ ├ /clubs/smic
│ ├ /clubs/yig
│ ├ /clubs/star
│ └ [+3 more paths]
├ ○ /clubs/all
├ ○ /opengraph-image
├ ● /stocks/[ticker]
│ ├ /stocks/kr-009440
│ ├ /stocks/kr-012345
│ ├ /stocks/kr-005810
│ └ [+766 more paths]
└ ○ /strategy


○  (Static)  prerendered as static content
●  (SSG)     prerendered as static HTML (uses generateStaticParams)

